965 2
964 1
962 2
960 3
959 3
958 3
957 2
956 2
955 2
954 2
953 2
952 2
951 2
950 2
949 2
948 2
947 1
946 1
945 1
944 1
943 1
942 1
941 1
940 1
939 1
938 1
937 1
936 0
935 5
934 5
933 5
932 5
931 5
930 5
929 4
928 3
927 5
926 5
925 5
924 5
923 5
922 5
921 5
920 4
919 5
918 5
917 5
916 5
915 5
914 4
913 4
912 4
911 4
910 4
909 4
908 4
907 4
906 4
905 4
903 3
902 4
901 4
900 4
898 4
897 4
896 3
894 3
893 3
891 3
890 3
888 3
887 3
886 3
884 3
883 3
881 2
880 2
879 1
876 2
875 1
873 2
872 1
870 2
869 1
867 2
865 3
864 2
862 3
861 3
860 3
859 3
858 3
857 2
856 3
855 2
854 2
853 2
852 2
851 2
850 2
849 2
848 2
847 2
846 2
845 1
844 1
843 1
842 1
841 1
840 1
839 1
838 1
837 1
836 1
835 1
834 0
833 5
832 5
831 5
830 5
829 5
828 5
827 5
826 5
825 5
824 4
823 5
822 5
821 5
820 5
819 5
818 5
817 5
816 5
815 5
814 5
813 5
812 4
811 5
810 5
809 5
808 5
807 4
806 4
805 4
804 4
803 4
802 4
801 4
800 4
799 3
798 4
797 4
796 4
795 4
794 4
793 4
792 4
791 4
790 4
789 4
788 4
787 3
786 4
785 4
783 4
782 3
781 3
779 3
778 3
777 3
776 3
774 3
773 3
771 2
770 3
769 3
768 3
766 3
765 3
763 3
762 2
760 2
758 1
756 2
755 1
753 2
752 1
750 2
749 1
747 2
746 2
745 1
743 2
742 1
740 2
739 2
738 1
736 2
735 1
733 3
732 2
731 2
730 2
729 1
727 2
726 1
723 3
722 2
720 3
719 3
718 3
717 3
716 3
715 3
714 3
713 3
712 2
711 2
710 2
709 2
708 2
707 2
706 2
705 2
704 2
703 2
702 1
701 1
700 1
699 1
698 1
697 1
696 1
695 1
694 1
693 1
692 1
691 0
690 5
689 5
688 4
687 5
686 5
685 5
684 5
683 5
682 5
681 5
680 5
679 5
678 5
677 5
676 4
675 5
674 5
673 5
672 4
671 4
670 4
669 3
668 4
667 4
666 4
665 4
664 4
663 4
662 4
661 3
660 4
659 4
657 4
655 4
654 3
653 4
651 3
650 3
649 3
648 3
646 3
645 3
643 3
642 3
640 2
638 3
637 3
636 2
634 1
632 2
631 1
629 2
628 1
626 2
625 1
623 2
621 3
620 3
619 3
618 3
617 2
616 2
615 2
614 2
613 2
612 2
611 2
610 2
609 2
608 1
607 1
606 1
605 1
604 1
603 1
602 1
601 1
600 1
599 1
598 1
597 0
596 5
595 5
594 5
593 5
592 5
591 4
590 5
589 5
588 5
587 5
586 5
585 5
584 5
583 5
582 5
581 5
580 4
579 4
578 4
577 3
576 4
575 4
574 4
573 4
572 4
570 4
569 4
567 4
566 4
564 4
563 4
562 3
561 2
559 4
557 4
556 3
555 3
554 3
553 3
552 3
551 3
550 3
549 3
547 3
545 2
544 2
543 1
540 2
539 1
537 2
536 1
534 2
532 3
531 3
530 3
529 2
528 2
527 2
526 2
525 2
524 2
523 2
522 2
521 2
520 2
519 2
518 1
517 1
516 1
515 1
514 1
513 1
512 1
511 1
510 1
509 1
508 1
507 0
506 5
505 5
504 5
503 5
502 4
501 5
500 4
499 4
498 4
497 4
496 4
495 4
494 4
493 4
492 4
491 4
490 4
489 4
488 3
487 4
486 4
484 4
483 4
481 4
480 3
478 3
477 3
476 3
474 3
473 3
472 3
471 3
470 3
468 3
467 2
466 3
465 3
464 3
463 3
462 3
460 3
459 2
457 2
455 1
453 2
452 1
450 2
449 2
448 1
446 2
445 1
443 2
442 1
440 2
439 1
437 3
436 2
435 2
434 2
433 2
432 2
431 2
430 2
429 1
428 1
427 1
426 1
425 1
424 1
423 1
422 1
421 1
420 1
419 1
418 0
417 4
416 4
415 4
414 4
413 4
412 4
411 4
410 4
409 3
408 4
407 4
406 4
405 4
404 4
402 4
401 4
400 4
398 4
397 4
395 4
394 3
393 2
392 3
390 3
389 3
387 3
386 3
385 3
384 3
383 3
381 3
379 2
378 1
375 2
374 1
372 2
371 1
369 2
368 1
366 2
364 3
363 2
362 1
360 2
358 3
357 3
356 3
355 3
354 3
353 3
352 3
351 2
350 2
349 2
348 2
347 2
346 2
345 2
344 2
343 2
342 2
341 1
340 1
339 1
338 1
337 1
336 1
335 1
334 1
333 1
332 1
331 1
330 0
329 4
328 4
327 4
326 4
325 3
324 4
323 4
322 4
321 4
320 4
319 4
318 4
317 4
316 4
315 4
314 3
313 4
312 4
311 4
310 4
309 4
308 4
307 4
305 4
304 4
302 3
301 2
300 3
299 3
297 3
296 3
295 3
293 3
292 3
291 3
289 3
288 3
287 3
285 3
284 2
282 2
280 1
278 2
277 1
275 2
274 1
272 2
271 1
269 2
268 1
266 2
265 1
263 2
262 1
260 2
258 3
257 2
256 1
254 2
252 3
251 2
249 3
248 3
247 3
246 3
245 3
244 3
243 3
242 2
241 2
240 2
239 2
238 2
237 2
236 2
235 2
234 2
233 2
232 2
231 1
230 1
229 1
228 1
227 1
226 1
225 1
224 1
223 1
222 1
221 0
220 4
219 3
218 4
217 4
216 4
215 4
214 4
213 4
212 4
211 4
210 4
209 3
207 4
206 4
205 4
203 4
202 4
201 4
200 4
198 4
197 3
195 2
194 3
193 3
192 3
191 3
190 3
188 3
187 3
186 3
184 3
182 2
180 1
178 2
177 1
175 2
174 1
172 2
171 1
169 2
167 3
166 2
164 3
163 3
162 3
161 3
160 3
159 2
158 2
157 2
156 2
155 2
154 2
153 2
152 2
151 2
150 1
149 1
148 1
147 1
146 1
145 1
144 1
143 1
142 1
141 1
140 1
139 0
138 4
137 4
136 4
135 4
134 4
133 4
132 4
131 3
130 4
129 4
128 4
127 4
126 4
125 4
123 4
122 4
121 4
120 4
119 4
118 3
117 4
116 4
115 4
114 4
112 3
111 3
110 2
109 3
107 3
106 3
105 3
103 3
102 3
101 3
99 3
98 3
97 3
96 3
94 3
93 2
91 2
89 1
87 2
86 1
84 2
83 2
82 1
80 2
79 1
77 2
76 1
74 2
73 1
71 2
69 3
68 2
67 1
65 2
64 1
62 2
60 3
59 2
58 1
56 2
54 3
53 2
52 2
51 2
50 1
47 3
46 2
44 3
43 2
41 3
40 2
38 3
37 2
35 3
34 2
32 3
31 2
29 4
28 3
27 2
25 4
24 3
23 2
21 4
20 3
19 2
17 4
16 3
15 2
13 4
12 3
11 2
9 3
8 2
6 3
5 2
3 3
2 2
