0 -34
0 -31
0 -4
0 -29
0 -16
0 -25
0 -5
0 -16
0 7
0 19
0 -18
0 -10
0 0
0 10
0 -15
0 -12
0 -29
0 -28
0 -28
0 -27
0 -29
0 -27
0 -29
0 -29
0 22
0 22
0 22
0 24
0 23
0 22
0 22
0 27
0 -20
0 -19
0 -18
0 -17
0 -16
0 -15
0 -17
0 -18
0 46
0 46
0 46
0 48
0 46
0 50
0 46
0 53
0 44
0 45
0 44
0 47
0 47
0 47
0 43
0 43
0 17
0 17
0 17
0 18
0 19
0 20
0 19
0 20
0 22
0 22
0 22
0 23
0 22
0 27
0 25
0 29
1 19
1 19
1 19
1 19
1 19
1 19
1 19
1 19
1 19
1 19
1 18
1 19
1 19
1 19
1 19
1 19
1 19
1 19
1 19
1 19
1 19
1 10
1 46
1 50
1 51
1 51
1 51
1 14
1 14
1 14
1 14
1 14
1 14
1 14
1 14
1 14
1 14
1 14
1 26
1 51
1 51
1 51
1 51
1 50
1 51
1 51
1 5
1 5
1 5
1 5
1 5
1 5
1 5
1 5
1 5
1 5
1 5
1 32
1 51
1 51
1 51
1 51
1 11
1 11
1 11
1 11
1 11
1 11
1 11
1 11
1 11
1 11
1 11
1 36
1 51
1 51
1 51
1 50
1 51
1 51
1 51
1 51
1 51
1 -19
1 -19
1 -19
1 -19
1 -19
1 -19
1 -19
1 -19
1 -19
1 -19
1 -19
1 57
1 70
1 19
1 19
1 19
1 19
1 19
1 19
1 19
1 19
1 19
1 19
1 12
1 67
1 69
1 69
1 69
1 22
1 22
1 22
1 22
1 22
1 22
1 22
1 22
1 22
1 22
1 22
1 53
1 70
1 70
1 70
1 70
1 69
1 7
1 7
1 7
1 7
1 7
1 7
1 7
1 7
1 7
1 7
1 7
1 49
1 70
1 70
1 70
1 70
1 22
1 12
1 12
1 12
1 12
1 12
1 12
1 12
1 12
1 12
1 12
1 48
2 19
2 19
2 19
2 19
2 19
2 19
2 19
2 19
2 19
2 19
2 19
2 19
2 19
2 19
2 19
2 19
2 19
2 19
2 19
2 19
2 19
2 19
2 19
2 19
2 21
2 16
2 19
2 20
2 20
2 20
2 21
2 20
2 2
2 10
2 11
2 12
2 13
2 14
2 15
2 16
2 17
2 18
2 20
2 19
2 19
2 19
2 19
2 19
2 19
2 9
2 9
2 10
2 11
2 12
2 13
2 14
2 15
2 16
2 17
2 18
2 19
2 19
2 19
2 19
2 19
2 19
2 19
2 19
2 19
2 19
2 20
2 20
2 19
2 20
2 4
2 27
2 29
2 9
2 10
2 11
2 12
2 13
2 14
2 15
2 16
2 17
2 19
2 19
2 19
2 19
2 19
2 19
2 19
2 7
2 -17
2 9
2 10
2 11
2 12
2 13
2 14
2 15
2 16
2 17
2 18
2 19
2 19
2 19
2 19
2 19
2 19
2 19
2 21
2 23
2 19
2 19
2 20
2 20
2 20
2 19
2 19
2 12
2 -9
2 10
2 11
2 12
2 13
2 14
2 15
2 16
2 17
2 18
2 19
2 0
2 50
2 51
2 50
2 50
2 36
2 15
2 16
2 8
2 7
2 7
2 7
2 7
2 7
2 7
2 6
2 49
2 50
2 50
2 51
2 50
2 37
2 16
2 17
2 7
2 7
2 7
2 7
2 7
2 7
2 7
2 7
2 7
2 45
2 51
2 51
2 51
2 51
2 51
2 51
2 51
2 52
2 36
2 -7
2 -7
2 -7
2 -7
2 -7
2 -7
2 -7
2 -7
2 -7
2 -7
2 -7
2 53
2 58
2 58
2 58
2 58
2 58
2 57
2 43
2 8
2 6
2 6
2 6
2 6
2 6
2 6
2 6
2 6
2 6
2 6
2 51
2 56
2 56
2 56
3 19
3 19
3 19
3 19
3 19
3 19
3 19
3 19
3 19
3 19
3 19
3 19
3 19
3 20
3 21
3 21
3 24
3 34
3 12
3 1
3 1
3 13
3 13
3 13
3 12
3 12
3 12
3 10
3 10
3 10
3 9
3 9
3 9
3 8
3 -3
3 27
3 27
3 16
3 8
3 9
3 10
3 21
3 20
3 21
3 21
3 22
3 21
3 21
3 21
3 21
3 21
3 17
3 14
3 -12
3 13
3 14
3 15
3 16
3 17
3 18
3 19
3 22
3 23
3 29
3 6
3 17
3 17
3 17
3 16
3 16
3 16
3 15
3 15
3 14
3 14
3 14
3 3
3 -8
3 27
3 12
3 12
3 9
3 10
3 11
3 12
3 20
3 22
3 21
3 21
3 22
3 22
3 23
3 22
3 22
3 22
3 16
3 3
3 0
3 -12
3 15
3 16
3 17
3 25
3 26
3 26
3 26
3 28
3 28
3 26
3 28
3 28
3 28
3 27
3 27
3 2
3 -14
3 -1
3 -1
3 -2
3 -2
3 -3
3 -4
3 -11
3 -22
3 19
3 20
3 26
3 26
3 25
3 25
3 25
3 18
3 18
3 9
3 11
3 11
3 11
3 11
3 10
3 -5
3 23
3 25
3 10
3 7
3 26
3 15
3 17
3 17
3 17
3 17
3 16
3 16
3 15
3 14
3 8
3 12
3 12
3 9
3 10
3 11
3 12
3 13
3 23
3 22
3 22
3 23
3 24
3 24
3 23
3 23
3 22
3 22
3 16
3 23
3 24
3 0
3 5
3 -5
3 -33
3 17
3 18
3 19
3 20
3 21
3 22
3 25
3 15
3 19
3 19
3 18
3 18
3 17
3 17
3 17
3 16
3 16
3 14
3 2
3 10
3 8
3 8
3 9
3 10
3 11
3 12
3 13
3 20
4 20
4 20
4 20
4 20
4 20
4 28
4 28
4 28
4 28
4 29
4 29
4 29
4 101
4 101
4 101
4 101
4 101
4 -34
4 101
4 101
4 -4
4 -4
4 -2
4 -2
4 -20
4 -20
4 -19
4 -18
4 -16
4 35
4 35
4 34
4 33
4 32
4 32
4 32
4 32
4 31
4 31
4 31
4 31
4 30
4 30
4 30
4 30
4 29
4 29
4 22
4 22
4 22
4 21
4 21
4 10
4 10
4 10
4 10
4 9
4 9
4 9
4 9
4 9
4 -10
4 -10
4 -10
4 -10
4 -10
4 -10
4 -10
4 -11
4 -11
4 31
4 30
4 30
4 29
4 29
4 27
4 27
4 27
4 27
4 27
4 27
4 27
4 27
4 27
4 27
4 27
4 26
4 26
4 25
4 17
4 17
4 17
4 17
4 17
4 17
4 17
4 16
4 16
4 16
4 -12
4 -12
4 -12
4 -12
4 -12
4 -12
4 -12
4 -12
4 -12
4 -13
4 -13
4 -13
4 87
4 87
4 83
4 37
4 37
4 36
4 36
4 35
4 35
4 34
4 34
4 33
4 33
4 32
4 32
4 32
4 10
4 45
4 44
4 43
4 42
4 43
4 43
4 43
4 24
4 24
4 24
4 23
4 23
4 23
4 23
4 23
4 19
4 17
4 17
4 17
4 16
4 16
4 15
4 15
4 15
4 14
4 14
4 14
4 14
4 14
4 14
4 14
4 14
4 14
4 14
4 13
4 2
4 -3
4 35
4 34
4 35
4 35
4 34
4 35
4 34
4 34
4 12
4 12
4 12
4 12
4 12
4 12
4 12
4 12
4 12
4 12
4 11
4 12
4 -4
5 7
5 7
5 8
5 8
5 8
5 9
5 9
5 9
5 9
5 9
5 9
5 10
5 -59
5 -58
5 -58
5 -58
5 -57
5 -57
5 -57
5 -56
5 -57
5 -57
5 -55
5 -55
5 -54
5 5
5 5
5 5
5 5
5 77
5 77
5 77
5 77
5 77
5 77
5 -126
5 -126
5 -126
5 -126
5 -7
5 -8
5 -8
5 -8
5 -8
5 -8
5 -8
5 -8
5 -8
5 -8
5 -8
5 -8
5 -9
5 -9
5 -9
5 -9
5 -11
5 -11
5 -11
5 -11
5 -98
5 -98
5 -98
5 -98
5 -98
5 -98
5 -98
5 -98
5 -98
5 -98
5 -98
5 -98
5 -98
5 -98
5 -98
5 -98
5 -99
5 -99
5 -99
